<?xml version="1.0" encoding="UTF-8"?>
<testng-results ignored="0" total="2" passed="2" failed="0" skipped="0">
  <reporter-output>
  </reporter-output>
  <suite started-at="2023-10-09T00:22:04 MSK" name="Default Suite" finished-at="2023-10-09T00:22:07 MSK" duration-ms="3118">
    <groups>
    </groups>
    <test started-at="2023-10-09T00:22:04 MSK" name="untitled1-master" finished-at="2023-10-09T00:22:07 MSK" duration-ms="3118">
      <class name="apitest">
        <test-method signature="test1()[pri:0, instance:apitest@448ff1a8]" started-at="2023-10-09T00:22:04 MSK" name="test1" finished-at="2023-10-09T00:22:07 MSK" duration-ms="2906" status="PASS">
          <reporter-output>
          </reporter-output>
        </test-method> <!-- test1 -->
        <test-method signature="test2()[pri:0, instance:apitest@448ff1a8]" started-at="2023-10-09T00:22:07 MSK" name="test2" finished-at="2023-10-09T00:22:07 MSK" duration-ms="120" status="PASS">
          <reporter-output>
          </reporter-output>
        </test-method> <!-- test2 -->
      </class> <!-- apitest -->
    </test> <!-- untitled1-master -->
  </suite> <!-- Default Suite -->
</testng-results>
